 ---------------------------Inputs supplied--------------------------------------
 XYZFileName = coor.xyz                                                                                            
 ParameterFileName = parm                                                                                                
 WantBonds =  T
 WantAngles =  T
 WantDihedrals =  T
 WantImpropers =  T
 BondLengthTolerance !in Angstrom =   0.10000000000000001     
 AngleAngleTolerance !in Degree =    1.0000000000000000     
 DihedralAngleTolerance !in Degree =    1.0000000000000000     
 ImproperAngleTolerance !in Degree =    1.0000000000000000     
 ImproperConsiderationTolerance !in Degree =    1.0000000000000000     
 TotalNumberOfAtomTypes =            7
 NumberOfManualvdWRadiusChanges =            1
 Atom types, symbol and vdW radius (0.000 radius means the values are taken from the default radii list)
 C1   C       100000000.00000000     
 C2   C       100000000.00000000     
 C3   C       100000000.00000000     
 H1   H       100000000.00000000     
 O1   O       100000000.00000000     
 O2   O       100000000.00000000     
 Zn1  Zn      0.0000000000000000     
 OutputFilesPrefix  = example                                                                                             
 ---------------------------End of Input-----------------------------------------
 
 
 TypeIndex, Type, Symbol, Atomic Number, Mass, Charge, vdWRadius, Coordinates, ScaledCoordinates, NBonds, NAngles, NDihedrals, NImpropers
    7 Zn1    Zn   30  65.409   0.000   0.000    7.579    5.337    5.337  0.29340  0.20660  0.20660   0  0  0  0
    5 O1     O     8  15.999   0.000   1.520    6.458    6.458    6.458  0.25000  0.25000  0.25000   0  0  0  0
    7 Zn1    Zn   30  65.409   0.000   0.000    5.337    7.579    5.337  0.20660  0.29340  0.20660   0  0  0  0
    7 Zn1    Zn   30  65.409   0.000   0.000    5.337    5.337    7.579  0.20660  0.20660  0.29340   0  0  0  0
    7 Zn1    Zn   30  65.409   0.000   0.000    7.579    7.579    7.579  0.29340  0.29340  0.29340   0  0  0  0
    7 Zn1    Zn   30  65.409   0.000   0.000   18.253   20.495    5.337  0.70660  0.79340  0.20660   0  0  0  0
    5 O1     O     8  15.999   0.000   1.520   19.374   19.374    6.458  0.75000  0.75000  0.25000   0  0  0  0
    7 Zn1    Zn   30  65.409   0.000   0.000   20.495   18.253    5.337  0.79340  0.70660  0.20660   0  0  0  0
    7 Zn1    Zn   30  65.409   0.000   0.000   20.495   20.495    7.579  0.79340  0.79340  0.29340   0  0  0  0
    7 Zn1    Zn   30  65.409   0.000   0.000   18.253   18.253    7.579  0.70660  0.70660  0.29340   0  0  0  0
    7 Zn1    Zn   30  65.409   0.000   0.000   18.253    5.337   20.495  0.70660  0.20660  0.79340   0  0  0  0
    5 O1     O     8  15.999   0.000   1.520   19.374    6.458   19.374  0.75000  0.25000  0.75000   0  0  0  0
    7 Zn1    Zn   30  65.409   0.000   0.000   20.495    7.579   20.495  0.79340  0.29340  0.79340   0  0  0  0
    7 Zn1    Zn   30  65.409   0.000   0.000   20.495    5.337   18.253  0.79340  0.20660  0.70660   0  0  0  0
    7 Zn1    Zn   30  65.409   0.000   0.000   18.253    7.579   18.253  0.70660  0.29340  0.70660   0  0  0  0
    7 Zn1    Zn   30  65.409   0.000   0.000    7.579   20.495   20.495  0.29340  0.79340  0.79340   0  0  0  0
    5 O1     O     8  15.999   0.000   1.520    6.458   19.374   19.374  0.25000  0.75000  0.75000   0  0  0  0
    7 Zn1    Zn   30  65.409   0.000   0.000    5.337   18.253   20.495  0.20660  0.70660  0.79340   0  0  0  0
    7 Zn1    Zn   30  65.409   0.000   0.000    5.337   20.495   18.253  0.20660  0.79340  0.70660   0  0  0  0
    7 Zn1    Zn   30  65.409   0.000   0.000    7.579   18.253   18.253  0.29340  0.70660  0.70660   0  0  0  0
    7 Zn1    Zn   30  65.409   0.000   0.000    5.337    7.579   20.495  0.20660  0.29340  0.79340   0  0  0  0
    5 O1     O     8  15.999   0.000   1.520    6.458    6.458   19.374  0.25000  0.25000  0.75000   0  0  0  0
    7 Zn1    Zn   30  65.409   0.000   0.000    7.579    5.337   20.495  0.29340  0.20660  0.79340   0  0  0  0
    7 Zn1    Zn   30  65.409   0.000   0.000    5.337    5.337   18.253  0.20660  0.20660  0.70660   0  0  0  0
    7 Zn1    Zn   30  65.409   0.000   0.000    7.579    7.579   18.253  0.29340  0.29340  0.70660   0  0  0  0
    7 Zn1    Zn   30  65.409   0.000   0.000   20.495   18.253   20.495  0.79340  0.70660  0.79340   0  0  0  0
    5 O1     O     8  15.999   0.000   1.520   19.374   19.374   19.374  0.75000  0.75000  0.75000   0  0  0  0
    7 Zn1    Zn   30  65.409   0.000   0.000   18.253   20.495   20.495  0.70660  0.79340  0.79340   0  0  0  0
    7 Zn1    Zn   30  65.409   0.000   0.000   20.495   20.495   18.253  0.79340  0.79340  0.70660   0  0  0  0
    7 Zn1    Zn   30  65.409   0.000   0.000   18.253   18.253   18.253  0.70660  0.70660  0.70660   0  0  0  0
    7 Zn1    Zn   30  65.409   0.000   0.000    5.337   18.253    5.337  0.20660  0.70660  0.20660   0  0  0  0
    5 O1     O     8  15.999   0.000   1.520    6.458   19.374    6.458  0.25000  0.75000  0.25000   0  0  0  0
    7 Zn1    Zn   30  65.409   0.000   0.000    7.579   20.495    5.337  0.29340  0.79340  0.20660   0  0  0  0
    7 Zn1    Zn   30  65.409   0.000   0.000    5.337   20.495    7.579  0.20660  0.79340  0.29340   0  0  0  0
    7 Zn1    Zn   30  65.409   0.000   0.000    7.579   18.253    7.579  0.29340  0.70660  0.29340   0  0  0  0
    7 Zn1    Zn   30  65.409   0.000   0.000   20.495    7.579    5.337  0.79340  0.29340  0.20660   0  0  0  0
    5 O1     O     8  15.999   0.000   1.520   19.374    6.458    6.458  0.75000  0.25000  0.25000   0  0  0  0
    7 Zn1    Zn   30  65.409   0.000   0.000   18.253    5.337    5.337  0.70660  0.20660  0.20660   0  0  0  0
    7 Zn1    Zn   30  65.409   0.000   0.000   20.495    5.337    7.579  0.79340  0.20660  0.29340   0  0  0  0
    7 Zn1    Zn   30  65.409   0.000   0.000   18.253    7.579    7.579  0.70660  0.29340  0.29340   0  0  0  0
    6 O2     O     8  15.999   0.000   1.520    7.282    5.634   29.293  0.28190  0.21810  1.13400   1  2  2  1
    1 C1     C     6  12.011   0.000   1.700    6.458    6.458   28.707  0.25000  0.25000  1.11130   3  5  8  2
    2 C2     C     6  12.011   0.000   1.700    6.458    6.458   27.222  0.25000  0.25000  1.05380   3  9 16  4
    3 C3     C     6  12.011   0.000   1.700    7.308    5.608   26.527  0.28290  0.21710  1.02690   3  7 14  3
    4 H1     H     1   1.008   0.000   1.200    7.876    5.040   26.989  0.30490  0.19510  1.04480   1  2  4  1
    6 O2     O     8  15.999   0.000   1.520    7.282    5.634   22.371  0.28190  0.21810  0.86600   1  2  2  1
    1 C1     C     6  12.011   0.000   1.700    6.458    6.458   22.957  0.25000  0.25000  0.88870   3  5  8  2
    2 C2     C     6  12.011   0.000   1.700    6.458    6.458   24.442  0.25000  0.25000  0.94620   3  9 16  4
    3 C3     C     6  12.011   0.000   1.700    7.308    5.608   25.137  0.28290  0.21710  0.97310   3  7 14  3
    4 H1     H     1   1.008   0.000   1.200    7.876    5.040   24.675  0.30490  0.19510  0.95520   1  2  4  1
    6 O2     O     8  15.999   0.000   1.520    5.634    7.282   29.293  0.21810  0.28190  1.13400   1  2  2  1
    3 C3     C     6  12.011   0.000   1.700    5.608    7.308   26.527  0.21710  0.28290  1.02690   3  7 14  3
    4 H1     H     1   1.008   0.000   1.200    5.040    7.876   26.989  0.19510  0.30490  1.04480   1  2  4  1
    6 O2     O     8  15.999   0.000   1.520    5.634    7.282   22.371  0.21810  0.28190  0.86600   1  2  2  1
    3 C3     C     6  12.011   0.000   1.700    5.608    7.308   25.137  0.21710  0.28290  0.97310   3  7 14  3
    4 H1     H     1   1.008   0.000   1.200    5.040    7.876   24.675  0.19510  0.30490  0.95520   1  2  4  1
    6 O2     O     8  15.999   0.000   1.520   18.550   20.198   29.293  0.71810  0.78190  1.13400   1  2  2  1
    1 C1     C     6  12.011   0.000   1.700   19.374   19.374   28.707  0.75000  0.75000  1.11130   3  5  8  2
    2 C2     C     6  12.011   0.000   1.700   19.374   19.374   27.222  0.75000  0.75000  1.05380   3  9 16  4
    3 C3     C     6  12.011   0.000   1.700   18.524   20.224   26.527  0.71710  0.78290  1.02690   3  7 14  3
    4 H1     H     1   1.008   0.000   1.200   17.956   20.792   26.989  0.69510  0.80490  1.04480   1  2  4  1
    6 O2     O     8  15.999   0.000   1.520   18.550   20.198   22.371  0.71810  0.78190  0.86600   1  2  2  1
    1 C1     C     6  12.011   0.000   1.700   19.374   19.374   22.957  0.75000  0.75000  0.88870   3  5  8  2
    2 C2     C     6  12.011   0.000   1.700   19.374   19.374   24.442  0.75000  0.75000  0.94620   3  9 16  4
    3 C3     C     6  12.011   0.000   1.700   18.524   20.224   25.137  0.71710  0.78290  0.97310   3  7 14  3
    4 H1     H     1   1.008   0.000   1.200   17.956   20.792   24.675  0.69510  0.80490  0.95520   1  2  4  1
    6 O2     O     8  15.999   0.000   1.520   20.198   18.550   29.293  0.78190  0.71810  1.13400   1  2  2  1
    3 C3     C     6  12.011   0.000   1.700   20.224   18.524   26.527  0.78290  0.71710  1.02690   3  7 14  3
    4 H1     H     1   1.008   0.000   1.200   20.792   17.956   26.989  0.80490  0.69510  1.04480   1  2  4  1
    6 O2     O     8  15.999   0.000   1.520   20.198   18.550   22.371  0.78190  0.71810  0.86600   1  2  2  1
    3 C3     C     6  12.011   0.000   1.700   20.224   18.524   25.137  0.78290  0.71710  0.97310   3  7 14  3
    4 H1     H     1   1.008   0.000   1.200   20.792   17.956   24.675  0.80490  0.69510  0.95520   1  2  4  1
    6 O2     O     8  15.999   0.000   1.520   18.550    5.634   22.371  0.71810  0.21810  0.86600   1  2  2  1
    1 C1     C     6  12.011   0.000   1.700   19.374    6.458   22.957  0.75000  0.25000  0.88870   3  5  8  2
    2 C2     C     6  12.011   0.000   1.700   19.374    6.458   24.442  0.75000  0.25000  0.94620   3  9 16  4
    3 C3     C     6  12.011   0.000   1.700   18.524    5.608   25.137  0.71710  0.21710  0.97310   3  7 14  3
    4 H1     H     1   1.008   0.000   1.200   17.956    5.040   24.675  0.69510  0.19510  0.95520   1  2  4  1
    6 O2     O     8  15.999   0.000   1.520   18.550    5.634   29.293  0.71810  0.21810  1.13400   1  2  2  1
    1 C1     C     6  12.011   0.000   1.700   19.374    6.458   28.707  0.75000  0.25000  1.11130   3  5  8  2
    2 C2     C     6  12.011   0.000   1.700   19.374    6.458   27.222  0.75000  0.25000  1.05380   3  9 16  4
    3 C3     C     6  12.011   0.000   1.700   18.524    5.608   26.527  0.71710  0.21710  1.02690   3  7 14  3
    4 H1     H     1   1.008   0.000   1.200   17.956    5.040   26.989  0.69510  0.19510  1.04480   1  2  4  1
    6 O2     O     8  15.999   0.000   1.520   20.198    7.282   22.371  0.78190  0.28190  0.86600   1  2  2  1
    3 C3     C     6  12.011   0.000   1.700   20.224    7.308   25.137  0.78290  0.28290  0.97310   3  7 14  3
    4 H1     H     1   1.008   0.000   1.200   20.792    7.876   24.675  0.80490  0.30490  0.95520   1  2  4  1
    6 O2     O     8  15.999   0.000   1.520   20.198    7.282   29.293  0.78190  0.28190  1.13400   1  2  2  1
    3 C3     C     6  12.011   0.000   1.700   20.224    7.308   26.527  0.78290  0.28290  1.02690   3  7 14  3
    4 H1     H     1   1.008   0.000   1.200   20.792    7.876   26.989  0.80490  0.30490  1.04480   1  2  4  1
    6 O2     O     8  15.999   0.000   1.520    7.282   20.198   22.371  0.28190  0.78190  0.86600   1  2  2  1
    1 C1     C     6  12.011   0.000   1.700    6.458   19.374   22.957  0.25000  0.75000  0.88870   3  5  8  2
    2 C2     C     6  12.011   0.000   1.700    6.458   19.374   24.442  0.25000  0.75000  0.94620   3  9 16  4
    3 C3     C     6  12.011   0.000   1.700    7.308   20.224   25.137  0.28290  0.78290  0.97310   3  7 14  3
    4 H1     H     1   1.008   0.000   1.200    7.876   20.792   24.675  0.30490  0.80490  0.95520   1  2  4  1
    6 O2     O     8  15.999   0.000   1.520    7.282   20.198   29.293  0.28190  0.78190  1.13400   1  2  2  1
    1 C1     C     6  12.011   0.000   1.700    6.458   19.374   28.707  0.25000  0.75000  1.11130   3  5  8  2
    2 C2     C     6  12.011   0.000   1.700    6.458   19.374   27.222  0.25000  0.75000  1.05380   3  9 16  4
    3 C3     C     6  12.011   0.000   1.700    7.308   20.224   26.527  0.28290  0.78290  1.02690   3  7 14  3
    4 H1     H     1   1.008   0.000   1.200    7.876   20.792   26.989  0.30490  0.80490  1.04480   1  2  4  1
    6 O2     O     8  15.999   0.000   1.520    5.634   18.550   22.371  0.21810  0.71810  0.86600   1  2  2  1
    3 C3     C     6  12.011   0.000   1.700    5.608   18.524   25.137  0.21710  0.71710  0.97310   3  7 14  3
    4 H1     H     1   1.008   0.000   1.200    5.040   17.956   24.675  0.19510  0.69510  0.95520   1  2  4  1
    6 O2     O     8  15.999   0.000   1.520    5.634   18.550   29.293  0.21810  0.71810  1.13400   1  2  2  1
    3 C3     C     6  12.011   0.000   1.700    5.608   18.524   26.527  0.21710  0.71710  1.02690   3  7 14  3
    4 H1     H     1   1.008   0.000   1.200    5.040   17.956   26.989  0.19510  0.69510  1.04480   1  2  4  1
    6 O2     O     8  15.999   0.000   1.520   29.293    7.282    5.634  1.13400  0.28190  0.21810   1  2  2  1
    1 C1     C     6  12.011   0.000   1.700   28.707    6.458    6.458  1.11130  0.25000  0.25000   3  5  8  2
    2 C2     C     6  12.011   0.000   1.700   27.222    6.458    6.458  1.05380  0.25000  0.25000   3  9 16  4
    3 C3     C     6  12.011   0.000   1.700   26.527    7.308    5.608  1.02690  0.28290  0.21710   3  7 14  3
    4 H1     H     1   1.008   0.000   1.200   26.989    7.876    5.040  1.04480  0.30490  0.19510   1  2  4  1
    6 O2     O     8  15.999   0.000   1.520   22.371    7.282    5.634  0.86600  0.28190  0.21810   1  2  2  1
    1 C1     C     6  12.011   0.000   1.700   22.957    6.458    6.458  0.88870  0.25000  0.25000   3  5  8  2
    2 C2     C     6  12.011   0.000   1.700   24.442    6.458    6.458  0.94620  0.25000  0.25000   3  9 16  4
    3 C3     C     6  12.011   0.000   1.700   25.137    7.308    5.608  0.97310  0.28290  0.21710   3  7 14  3
    4 H1     H     1   1.008   0.000   1.200   24.675    7.876    5.040  0.95520  0.30490  0.19510   1  2  4  1
    6 O2     O     8  15.999   0.000   1.520   29.293    5.634    7.282  1.13400  0.21810  0.28190   1  2  2  1
    3 C3     C     6  12.011   0.000   1.700   26.527    5.608    7.308  1.02690  0.21710  0.28290   3  7 14  3
    4 H1     H     1   1.008   0.000   1.200   26.989    5.040    7.876  1.04480  0.19510  0.30490   1  2  4  1
    6 O2     O     8  15.999   0.000   1.520   22.371    5.634    7.282  0.86600  0.21810  0.28190   1  2  2  1
    3 C3     C     6  12.011   0.000   1.700   25.137    5.608    7.308  0.97310  0.21710  0.28290   3  7 14  3
    4 H1     H     1   1.008   0.000   1.200   24.675    5.040    7.876  0.95520  0.19510  0.30490   1  2  4  1
    6 O2     O     8  15.999   0.000   1.520   29.293   18.550   20.198  1.13400  0.71810  0.78190   1  2  2  1
    1 C1     C     6  12.011   0.000   1.700   28.707   19.374   19.374  1.11130  0.75000  0.75000   3  5  8  2
    2 C2     C     6  12.011   0.000   1.700   27.222   19.374   19.374  1.05380  0.75000  0.75000   3  9 16  4
    3 C3     C     6  12.011   0.000   1.700   26.527   18.524   20.224  1.02690  0.71710  0.78290   3  7 14  3
    4 H1     H     1   1.008   0.000   1.200   26.989   17.956   20.792  1.04480  0.69510  0.80490   1  2  4  1
    6 O2     O     8  15.999   0.000   1.520   22.371   18.550   20.198  0.86600  0.71810  0.78190   1  2  2  1
    1 C1     C     6  12.011   0.000   1.700   22.957   19.374   19.374  0.88870  0.75000  0.75000   3  5  8  2
    2 C2     C     6  12.011   0.000   1.700   24.442   19.374   19.374  0.94620  0.75000  0.75000   3  9 16  4
    3 C3     C     6  12.011   0.000   1.700   25.137   18.524   20.224  0.97310  0.71710  0.78290   3  7 14  3
    4 H1     H     1   1.008   0.000   1.200   24.675   17.956   20.792  0.95520  0.69510  0.80490   1  2  4  1
    6 O2     O     8  15.999   0.000   1.520   29.293   20.198   18.550  1.13400  0.78190  0.71810   1  2  2  1
    3 C3     C     6  12.011   0.000   1.700   26.527   20.224   18.524  1.02690  0.78290  0.71710   3  7 14  3
    4 H1     H     1   1.008   0.000   1.200   26.989   20.792   17.956  1.04480  0.80490  0.69510   1  2  4  1
    6 O2     O     8  15.999   0.000   1.520   22.371   20.198   18.550  0.86600  0.78190  0.71810   1  2  2  1
    3 C3     C     6  12.011   0.000   1.700   25.137   20.224   18.524  0.97310  0.78290  0.71710   3  7 14  3
    4 H1     H     1   1.008   0.000   1.200   24.675   20.792   17.956  0.95520  0.80490  0.69510   1  2  4  1
    6 O2     O     8  15.999   0.000   1.520   22.371   18.550    5.634  0.86600  0.71810  0.21810   1  2  2  1
    1 C1     C     6  12.011   0.000   1.700   22.957   19.374    6.458  0.88870  0.75000  0.25000   3  5  8  2
    2 C2     C     6  12.011   0.000   1.700   24.442   19.374    6.458  0.94620  0.75000  0.25000   3  9 16  4
    3 C3     C     6  12.011   0.000   1.700   25.137   18.524    5.608  0.97310  0.71710  0.21710   3  7 14  3
    4 H1     H     1   1.008   0.000   1.200   24.675   17.956    5.040  0.95520  0.69510  0.19510   1  2  4  1
    6 O2     O     8  15.999   0.000   1.520   29.293   18.550    5.634  1.13400  0.71810  0.21810   1  2  2  1
    1 C1     C     6  12.011   0.000   1.700   28.707   19.374    6.458  1.11130  0.75000  0.25000   3  5  8  2
    2 C2     C     6  12.011   0.000   1.700   27.222   19.374    6.458  1.05380  0.75000  0.25000   3  9 16  4
    3 C3     C     6  12.011   0.000   1.700   26.527   18.524    5.608  1.02690  0.71710  0.21710   3  7 14  3
    4 H1     H     1   1.008   0.000   1.200   26.989   17.956    5.040  1.04480  0.69510  0.19510   1  2  4  1
    6 O2     O     8  15.999   0.000   1.520   22.371   20.198    7.282  0.86600  0.78190  0.28190   1  2  2  1
    3 C3     C     6  12.011   0.000   1.700   25.137   20.224    7.308  0.97310  0.78290  0.28290   3  7 14  3
    4 H1     H     1   1.008   0.000   1.200   24.675   20.792    7.876  0.95520  0.80490  0.30490   1  2  4  1
    6 O2     O     8  15.999   0.000   1.520   29.293   20.198    7.282  1.13400  0.78190  0.28190   1  2  2  1
    3 C3     C     6  12.011   0.000   1.700   26.527   20.224    7.308  1.02690  0.78290  0.28290   3  7 14  3
    4 H1     H     1   1.008   0.000   1.200   26.989   20.792    7.876  1.04480  0.80490  0.30490   1  2  4  1
    6 O2     O     8  15.999   0.000   1.520   22.371    7.282   20.198  0.86600  0.28190  0.78190   1  2  2  1
    1 C1     C     6  12.011   0.000   1.700   22.957    6.458   19.374  0.88870  0.25000  0.75000   3  5  8  2
    2 C2     C     6  12.011   0.000   1.700   24.442    6.458   19.374  0.94620  0.25000  0.75000   3  9 16  4
    3 C3     C     6  12.011   0.000   1.700   25.137    7.308   20.224  0.97310  0.28290  0.78290   3  7 14  3
    4 H1     H     1   1.008   0.000   1.200   24.675    7.876   20.792  0.95520  0.30490  0.80490   1  2  4  1
    6 O2     O     8  15.999   0.000   1.520   29.293    7.282   20.198  1.13400  0.28190  0.78190   1  2  2  1
    1 C1     C     6  12.011   0.000   1.700   28.707    6.458   19.374  1.11130  0.25000  0.75000   3  5  8  2
    2 C2     C     6  12.011   0.000   1.700   27.222    6.458   19.374  1.05380  0.25000  0.75000   3  9 16  4
    3 C3     C     6  12.011   0.000   1.700   26.527    7.308   20.224  1.02690  0.28290  0.78290   3  7 14  3
    4 H1     H     1   1.008   0.000   1.200   26.989    7.876   20.792  1.04480  0.30490  0.80490   1  2  4  1
    6 O2     O     8  15.999   0.000   1.520   22.371    5.634   18.550  0.86600  0.21810  0.71810   1  2  2  1
    3 C3     C     6  12.011   0.000   1.700   25.137    5.608   18.524  0.97310  0.21710  0.71710   3  7 14  3
    4 H1     H     1   1.008   0.000   1.200   24.675    5.040   17.956  0.95520  0.19510  0.69510   1  2  4  1
    6 O2     O     8  15.999   0.000   1.520   29.293    5.634   18.550  1.13400  0.21810  0.71810   1  2  2  1
    3 C3     C     6  12.011   0.000   1.700   26.527    5.608   18.524  1.02690  0.21710  0.71710   3  7 14  3
    4 H1     H     1   1.008   0.000   1.200   26.989    5.040   17.956  1.04480  0.19510  0.69510   1  2  4  1
    6 O2     O     8  15.999   0.000   1.520    5.634   29.293    7.282  0.21810  1.13400  0.28190   1  2  2  1
    1 C1     C     6  12.011   0.000   1.700    6.458   28.707    6.458  0.25000  1.11130  0.25000   3  5  8  2
    2 C2     C     6  12.011   0.000   1.700    6.458   27.222    6.458  0.25000  1.05380  0.25000   3  9 16  4
    3 C3     C     6  12.011   0.000   1.700    5.608   26.527    7.308  0.21710  1.02690  0.28290   3  7 14  3
    4 H1     H     1   1.008   0.000   1.200    5.040   26.989    7.876  0.19510  1.04480  0.30490   1  2  4  1
    6 O2     O     8  15.999   0.000   1.520    5.634   22.371    7.282  0.21810  0.86600  0.28190   1  2  2  1
    1 C1     C     6  12.011   0.000   1.700    6.458   22.957    6.458  0.25000  0.88870  0.25000   3  5  8  2
    2 C2     C     6  12.011   0.000   1.700    6.458   24.442    6.458  0.25000  0.94620  0.25000   3  9 16  4
    3 C3     C     6  12.011   0.000   1.700    5.608   25.137    7.308  0.21710  0.97310  0.28290   3  7 14  3
    4 H1     H     1   1.008   0.000   1.200    5.040   24.675    7.876  0.19510  0.95520  0.30490   1  2  4  1
    6 O2     O     8  15.999   0.000   1.520    7.282   29.293    5.634  0.28190  1.13400  0.21810   1  2  2  1
    3 C3     C     6  12.011   0.000   1.700    7.308   26.527    5.608  0.28290  1.02690  0.21710   3  7 14  3
    4 H1     H     1   1.008   0.000   1.200    7.876   26.989    5.040  0.30490  1.04480  0.19510   1  2  4  1
    6 O2     O     8  15.999   0.000   1.520    7.282   22.371    5.634  0.28190  0.86600  0.21810   1  2  2  1
    3 C3     C     6  12.011   0.000   1.700    7.308   25.137    5.608  0.28290  0.97310  0.21710   3  7 14  3
    4 H1     H     1   1.008   0.000   1.200    7.876   24.675    5.040  0.30490  0.95520  0.19510   1  2  4  1
    6 O2     O     8  15.999   0.000   1.520   20.198   29.293   18.550  0.78190  1.13400  0.71810   1  2  2  1
    1 C1     C     6  12.011   0.000   1.700   19.374   28.707   19.374  0.75000  1.11130  0.75000   3  5  8  2
    2 C2     C     6  12.011   0.000   1.700   19.374   27.222   19.374  0.75000  1.05380  0.75000   3  9 16  4
    3 C3     C     6  12.011   0.000   1.700   20.224   26.527   18.524  0.78290  1.02690  0.71710   3  7 14  3
    4 H1     H     1   1.008   0.000   1.200   20.792   26.989   17.956  0.80490  1.04480  0.69510   1  2  4  1
    6 O2     O     8  15.999   0.000   1.520   20.198   22.371   18.550  0.78190  0.86600  0.71810   1  2  2  1
    1 C1     C     6  12.011   0.000   1.700   19.374   22.957   19.374  0.75000  0.88870  0.75000   3  5  8  2
    2 C2     C     6  12.011   0.000   1.700   19.374   24.442   19.374  0.75000  0.94620  0.75000   3  9 16  4
    3 C3     C     6  12.011   0.000   1.700   20.224   25.137   18.524  0.78290  0.97310  0.71710   3  7 14  3
    4 H1     H     1   1.008   0.000   1.200   20.792   24.675   17.956  0.80490  0.95520  0.69510   1  2  4  1
    6 O2     O     8  15.999   0.000   1.520   18.550   29.293   20.198  0.71810  1.13400  0.78190   1  2  2  1
    3 C3     C     6  12.011   0.000   1.700   18.524   26.527   20.224  0.71710  1.02690  0.78290   3  7 14  3
    4 H1     H     1   1.008   0.000   1.200   17.956   26.989   20.792  0.69510  1.04480  0.80490   1  2  4  1
    6 O2     O     8  15.999   0.000   1.520   18.550   22.371   20.198  0.71810  0.86600  0.78190   1  2  2  1
    3 C3     C     6  12.011   0.000   1.700   18.524   25.137   20.224  0.71710  0.97310  0.78290   3  7 14  3
    4 H1     H     1   1.008   0.000   1.200   17.956   24.675   20.792  0.69510  0.95520  0.80490   1  2  4  1
    6 O2     O     8  15.999   0.000   1.520    5.634   22.371   18.550  0.21810  0.86600  0.71810   1  2  2  1
    1 C1     C     6  12.011   0.000   1.700    6.458   22.957   19.374  0.25000  0.88870  0.75000   3  5  8  2
    2 C2     C     6  12.011   0.000   1.700    6.458   24.442   19.374  0.25000  0.94620  0.75000   3  9 16  4
    3 C3     C     6  12.011   0.000   1.700    5.608   25.137   18.524  0.21710  0.97310  0.71710   3  7 14  3
    4 H1     H     1   1.008   0.000   1.200    5.040   24.675   17.956  0.19510  0.95520  0.69510   1  2  4  1
    6 O2     O     8  15.999   0.000   1.520    5.634   29.293   18.550  0.21810  1.13400  0.71810   1  2  2  1
    1 C1     C     6  12.011   0.000   1.700    6.458   28.707   19.374  0.25000  1.11130  0.75000   3  5  8  2
    2 C2     C     6  12.011   0.000   1.700    6.458   27.222   19.374  0.25000  1.05380  0.75000   3  9 16  4
    3 C3     C     6  12.011   0.000   1.700    5.608   26.527   18.524  0.21710  1.02690  0.71710   3  7 14  3
    4 H1     H     1   1.008   0.000   1.200    5.040   26.989   17.956  0.19510  1.04480  0.69510   1  2  4  1
    6 O2     O     8  15.999   0.000   1.520    7.282   22.371   20.198  0.28190  0.86600  0.78190   1  2  2  1
    3 C3     C     6  12.011   0.000   1.700    7.308   25.137   20.224  0.28290  0.97310  0.78290   3  7 14  3
    4 H1     H     1   1.008   0.000   1.200    7.876   24.675   20.792  0.30490  0.95520  0.80490   1  2  4  1
    6 O2     O     8  15.999   0.000   1.520    7.282   29.293   20.198  0.28190  1.13400  0.78190   1  2  2  1
    3 C3     C     6  12.011   0.000   1.700    7.308   26.527   20.224  0.28290  1.02690  0.78290   3  7 14  3
    4 H1     H     1   1.008   0.000   1.200    7.876   26.989   20.792  0.30490  1.04480  0.80490   1  2  4  1
    6 O2     O     8  15.999   0.000   1.520   20.198   22.371    7.282  0.78190  0.86600  0.28190   1  2  2  1
    1 C1     C     6  12.011   0.000   1.700   19.374   22.957    6.458  0.75000  0.88870  0.25000   3  5  8  2
    2 C2     C     6  12.011   0.000   1.700   19.374   24.442    6.458  0.75000  0.94620  0.25000   3  9 16  4
    3 C3     C     6  12.011   0.000   1.700   20.224   25.137    7.308  0.78290  0.97310  0.28290   3  7 14  3
    4 H1     H     1   1.008   0.000   1.200   20.792   24.675    7.876  0.80490  0.95520  0.30490   1  2  4  1
    6 O2     O     8  15.999   0.000   1.520   20.198   29.293    7.282  0.78190  1.13400  0.28190   1  2  2  1
    1 C1     C     6  12.011   0.000   1.700   19.374   28.707    6.458  0.75000  1.11130  0.25000   3  5  8  2
    2 C2     C     6  12.011   0.000   1.700   19.374   27.222    6.458  0.75000  1.05380  0.25000   3  9 16  4
    3 C3     C     6  12.011   0.000   1.700   20.224   26.527    7.308  0.78290  1.02690  0.28290   3  7 14  3
    4 H1     H     1   1.008   0.000   1.200   20.792   26.989    7.876  0.80490  1.04480  0.30490   1  2  4  1
    6 O2     O     8  15.999   0.000   1.520   18.550   22.371    5.634  0.71810  0.86600  0.21810   1  2  2  1
    3 C3     C     6  12.011   0.000   1.700   18.524   25.137    5.608  0.71710  0.97310  0.21710   3  7 14  3
    4 H1     H     1   1.008   0.000   1.200   17.956   24.675    5.040  0.69510  0.95520  0.19510   1  2  4  1
    6 O2     O     8  15.999   0.000   1.520   18.550   29.293    5.634  0.71810  1.13400  0.21810   1  2  2  1
    3 C3     C     6  12.011   0.000   1.700   18.524   26.527    5.608  0.71710  1.02690  0.21710   3  7 14  3
    4 H1     H     1   1.008   0.000   1.200   17.956   26.989    5.040  0.69510  1.04480  0.19510   1  2  4  1
    6 O2     O     8  15.999   0.000   1.520    7.282   18.550   16.377  0.28190  0.71810  0.63400   1  2  2  1
    1 C1     C     6  12.011   0.000   1.700    6.458   19.374   15.791  0.25000  0.75000  0.61130   3  5  8  2
    2 C2     C     6  12.011   0.000   1.700    6.458   19.374   14.306  0.25000  0.75000  0.55380   3  9 16  4
    3 C3     C     6  12.011   0.000   1.700    7.308   18.524   13.611  0.28290  0.71710  0.52690   3  7 14  3
    4 H1     H     1   1.008   0.000   1.200    7.876   17.956   14.073  0.30490  0.69510  0.54480   1  2  4  1
    6 O2     O     8  15.999   0.000   1.520    7.282   18.550    9.455  0.28190  0.71810  0.36600   1  2  2  1
    1 C1     C     6  12.011   0.000   1.700    6.458   19.374   10.041  0.25000  0.75000  0.38870   3  5  8  2
    2 C2     C     6  12.011   0.000   1.700    6.458   19.374   11.526  0.25000  0.75000  0.44620   3  9 16  4
    3 C3     C     6  12.011   0.000   1.700    7.308   18.524   12.221  0.28290  0.71710  0.47310   3  7 14  3
    4 H1     H     1   1.008   0.000   1.200    7.876   17.956   11.759  0.30490  0.69510  0.45520   1  2  4  1
    6 O2     O     8  15.999   0.000   1.520    5.634   20.198   16.377  0.21810  0.78190  0.63400   1  2  2  1
    3 C3     C     6  12.011   0.000   1.700    5.608   20.224   13.611  0.21710  0.78290  0.52690   3  7 14  3
    4 H1     H     1   1.008   0.000   1.200    5.040   20.792   14.073  0.19510  0.80490  0.54480   1  2  4  1
    6 O2     O     8  15.999   0.000   1.520    5.634   20.198    9.455  0.21810  0.78190  0.36600   1  2  2  1
    3 C3     C     6  12.011   0.000   1.700    5.608   20.224   12.221  0.21710  0.78290  0.47310   3  7 14  3
    4 H1     H     1   1.008   0.000   1.200    5.040   20.792   11.759  0.19510  0.80490  0.45520   1  2  4  1
    6 O2     O     8  15.999   0.000   1.520   18.550    7.282   16.377  0.71810  0.28190  0.63400   1  2  2  1
    1 C1     C     6  12.011   0.000   1.700   19.374    6.458   15.791  0.75000  0.25000  0.61130   3  5  8  2
    2 C2     C     6  12.011   0.000   1.700   19.374    6.458   14.306  0.75000  0.25000  0.55380   3  9 16  4
    3 C3     C     6  12.011   0.000   1.700   18.524    7.308   13.611  0.71710  0.28290  0.52690   3  7 14  3
    4 H1     H     1   1.008   0.000   1.200   17.956    7.876   14.073  0.69510  0.30490  0.54480   1  2  4  1
    6 O2     O     8  15.999   0.000   1.520   18.550    7.282    9.455  0.71810  0.28190  0.36600   1  2  2  1
    1 C1     C     6  12.011   0.000   1.700   19.374    6.458   10.041  0.75000  0.25000  0.38870   3  5  8  2
    2 C2     C     6  12.011   0.000   1.700   19.374    6.458   11.526  0.75000  0.25000  0.44620   3  9 16  4
    3 C3     C     6  12.011   0.000   1.700   18.524    7.308   12.221  0.71710  0.28290  0.47310   3  7 14  3
    4 H1     H     1   1.008   0.000   1.200   17.956    7.876   11.759  0.69510  0.30490  0.45520   1  2  4  1
    6 O2     O     8  15.999   0.000   1.520   20.198    5.634   16.377  0.78190  0.21810  0.63400   1  2  2  1
    3 C3     C     6  12.011   0.000   1.700   20.224    5.608   13.611  0.78290  0.21710  0.52690   3  7 14  3
    4 H1     H     1   1.008   0.000   1.200   20.792    5.040   14.073  0.80490  0.19510  0.54480   1  2  4  1
    6 O2     O     8  15.999   0.000   1.520   20.198    5.634    9.455  0.78190  0.21810  0.36600   1  2  2  1
    3 C3     C     6  12.011   0.000   1.700   20.224    5.608   12.221  0.78290  0.21710  0.47310   3  7 14  3
    4 H1     H     1   1.008   0.000   1.200   20.792    5.040   11.759  0.80490  0.19510  0.45520   1  2  4  1
    6 O2     O     8  15.999   0.000   1.520   18.550   18.550    9.455  0.71810  0.71810  0.36600   1  2  2  1
    1 C1     C     6  12.011   0.000   1.700   19.374   19.374   10.041  0.75000  0.75000  0.38870   3  5  8  2
    2 C2     C     6  12.011   0.000   1.700   19.374   19.374   11.526  0.75000  0.75000  0.44620   3  9 16  4
    3 C3     C     6  12.011   0.000   1.700   18.524   18.524   12.221  0.71710  0.71710  0.47310   3  7 14  3
    4 H1     H     1   1.008   0.000   1.200   17.956   17.956   11.759  0.69510  0.69510  0.45520   1  2  4  1
    6 O2     O     8  15.999   0.000   1.520   18.550   18.550   16.377  0.71810  0.71810  0.63400   1  2  2  1
    1 C1     C     6  12.011   0.000   1.700   19.374   19.374   15.791  0.75000  0.75000  0.61130   3  5  8  2
    2 C2     C     6  12.011   0.000   1.700   19.374   19.374   14.306  0.75000  0.75000  0.55380   3  9 16  4
    3 C3     C     6  12.011   0.000   1.700   18.524   18.524   13.611  0.71710  0.71710  0.52690   3  7 14  3
    4 H1     H     1   1.008   0.000   1.200   17.956   17.956   14.073  0.69510  0.69510  0.54480   1  2  4  1
    6 O2     O     8  15.999   0.000   1.520   20.198   20.198    9.455  0.78190  0.78190  0.36600   1  2  2  1
    3 C3     C     6  12.011   0.000   1.700   20.224   20.224   12.221  0.78290  0.78290  0.47310   3  7 14  3
    4 H1     H     1   1.008   0.000   1.200   20.792   20.792   11.759  0.80490  0.80490  0.45520   1  2  4  1
    6 O2     O     8  15.999   0.000   1.520   20.198   20.198   16.377  0.78190  0.78190  0.63400   1  2  2  1
    3 C3     C     6  12.011   0.000   1.700   20.224   20.224   13.611  0.78290  0.78290  0.52690   3  7 14  3
    4 H1     H     1   1.008   0.000   1.200   20.792   20.792   14.073  0.80490  0.80490  0.54480   1  2  4  1
    6 O2     O     8  15.999   0.000   1.520    7.282    7.282    9.455  0.28190  0.28190  0.36600   1  2  2  1
    1 C1     C     6  12.011   0.000   1.700    6.458    6.458   10.041  0.25000  0.25000  0.38870   3  5  8  2
    2 C2     C     6  12.011   0.000   1.700    6.458    6.458   11.526  0.25000  0.25000  0.44620   3  9 16  4
    3 C3     C     6  12.011   0.000   1.700    7.308    7.308   12.221  0.28290  0.28290  0.47310   3  7 14  3
    4 H1     H     1   1.008   0.000   1.200    7.876    7.876   11.759  0.30490  0.30490  0.45520   1  2  4  1
    6 O2     O     8  15.999   0.000   1.520    7.282    7.282   16.377  0.28190  0.28190  0.63400   1  2  2  1
    1 C1     C     6  12.011   0.000   1.700    6.458    6.458   15.791  0.25000  0.25000  0.61130   3  5  8  2
    2 C2     C     6  12.011   0.000   1.700    6.458    6.458   14.306  0.25000  0.25000  0.55380   3  9 16  4
    3 C3     C     6  12.011   0.000   1.700    7.308    7.308   13.611  0.28290  0.28290  0.52690   3  7 14  3
    4 H1     H     1   1.008   0.000   1.200    7.876    7.876   14.073  0.30490  0.30490  0.54480   1  2  4  1
    6 O2     O     8  15.999   0.000   1.520    5.634    5.634    9.455  0.21810  0.21810  0.36600   1  2  2  1
    3 C3     C     6  12.011   0.000   1.700    5.608    5.608   12.221  0.21710  0.21710  0.47310   3  7 14  3
    4 H1     H     1   1.008   0.000   1.200    5.040    5.040   11.759  0.19510  0.19510  0.45520   1  2  4  1
    6 O2     O     8  15.999   0.000   1.520    5.634    5.634   16.377  0.21810  0.21810  0.63400   1  2  2  1
    3 C3     C     6  12.011   0.000   1.700    5.608    5.608   13.611  0.21710  0.21710  0.52690   3  7 14  3
    4 H1     H     1   1.008   0.000   1.200    5.040    5.040   14.073  0.19510  0.19510  0.54480   1  2  4  1
    6 O2     O     8  15.999   0.000   1.520    5.634   16.377   20.198  0.21810  0.63400  0.78190   1  2  2  1
    1 C1     C     6  12.011   0.000   1.700    6.458   15.791   19.374  0.25000  0.61130  0.75000   3  5  8  2
    2 C2     C     6  12.011   0.000   1.700    6.458   14.306   19.374  0.25000  0.55380  0.75000   3  9 16  4
    3 C3     C     6  12.011   0.000   1.700    5.608   13.611   20.224  0.21710  0.52690  0.78290   3  7 14  3
    4 H1     H     1   1.008   0.000   1.200    5.040   14.073   20.792  0.19510  0.54480  0.80490   1  2  4  1
    6 O2     O     8  15.999   0.000   1.520    5.634    9.455   20.198  0.21810  0.36600  0.78190   1  2  2  1
    1 C1     C     6  12.011   0.000   1.700    6.458   10.041   19.374  0.25000  0.38870  0.75000   3  5  8  2
    2 C2     C     6  12.011   0.000   1.700    6.458   11.526   19.374  0.25000  0.44620  0.75000   3  9 16  4
    3 C3     C     6  12.011   0.000   1.700    5.608   12.221   20.224  0.21710  0.47310  0.78290   3  7 14  3
    4 H1     H     1   1.008   0.000   1.200    5.040   11.759   20.792  0.19510  0.45520  0.80490   1  2  4  1
    6 O2     O     8  15.999   0.000   1.520    7.282   16.377   18.550  0.28190  0.63400  0.71810   1  2  2  1
    3 C3     C     6  12.011   0.000   1.700    7.308   13.611   18.524  0.28290  0.52690  0.71710   3  7 14  3
    4 H1     H     1   1.008   0.000   1.200    7.876   14.073   17.956  0.30490  0.54480  0.69510   1  2  4  1
    6 O2     O     8  15.999   0.000   1.520    7.282    9.455   18.550  0.28190  0.36600  0.71810   1  2  2  1
    3 C3     C     6  12.011   0.000   1.700    7.308   12.221   18.524  0.28290  0.47310  0.71710   3  7 14  3
    4 H1     H     1   1.008   0.000   1.200    7.876   11.759   17.956  0.30490  0.45520  0.69510   1  2  4  1
    6 O2     O     8  15.999   0.000   1.520   20.198   16.377    5.634  0.78190  0.63400  0.21810   1  2  2  1
    1 C1     C     6  12.011   0.000   1.700   19.374   15.791    6.458  0.75000  0.61130  0.25000   3  5  8  2
    2 C2     C     6  12.011   0.000   1.700   19.374   14.306    6.458  0.75000  0.55380  0.25000   3  9 16  4
    3 C3     C     6  12.011   0.000   1.700   20.224   13.611    5.608  0.78290  0.52690  0.21710   3  7 14  3
    4 H1     H     1   1.008   0.000   1.200   20.792   14.073    5.040  0.80490  0.54480  0.19510   1  2  4  1
    6 O2     O     8  15.999   0.000   1.520   20.198    9.455    5.634  0.78190  0.36600  0.21810   1  2  2  1
    1 C1     C     6  12.011   0.000   1.700   19.374   10.041    6.458  0.75000  0.38870  0.25000   3  5  8  2
    2 C2     C     6  12.011   0.000   1.700   19.374   11.526    6.458  0.75000  0.44620  0.25000   3  9 16  4
    3 C3     C     6  12.011   0.000   1.700   20.224   12.221    5.608  0.78290  0.47310  0.21710   3  7 14  3
    4 H1     H     1   1.008   0.000   1.200   20.792   11.759    5.040  0.80490  0.45520  0.19510   1  2  4  1
    6 O2     O     8  15.999   0.000   1.520   18.550   16.377    7.282  0.71810  0.63400  0.28190   1  2  2  1
    3 C3     C     6  12.011   0.000   1.700   18.524   13.611    7.308  0.71710  0.52690  0.28290   3  7 14  3
    4 H1     H     1   1.008   0.000   1.200   17.956   14.073    7.876  0.69510  0.54480  0.30490   1  2  4  1
    6 O2     O     8  15.999   0.000   1.520   18.550    9.455    7.282  0.71810  0.36600  0.28190   1  2  2  1
    3 C3     C     6  12.011   0.000   1.700   18.524   12.221    7.308  0.71710  0.47310  0.28290   3  7 14  3
    4 H1     H     1   1.008   0.000   1.200   17.956   11.759    7.876  0.69510  0.45520  0.30490   1  2  4  1
    6 O2     O     8  15.999   0.000   1.520    5.634    9.455    5.634  0.21810  0.36600  0.21810   1  2  2  1
    1 C1     C     6  12.011   0.000   1.700    6.458   10.041    6.458  0.25000  0.38870  0.25000   3  5  8  2
    2 C2     C     6  12.011   0.000   1.700    6.458   11.526    6.458  0.25000  0.44620  0.25000   3  9 16  4
    3 C3     C     6  12.011   0.000   1.700    5.608   12.221    5.608  0.21710  0.47310  0.21710   3  7 14  3
    4 H1     H     1   1.008   0.000   1.200    5.040   11.759    5.040  0.19510  0.45520  0.19510   1  2  4  1
    6 O2     O     8  15.999   0.000   1.520    5.634   16.377    5.634  0.21810  0.63400  0.21810   1  2  2  1
    1 C1     C     6  12.011   0.000   1.700    6.458   15.791    6.458  0.25000  0.61130  0.25000   3  5  8  2
    2 C2     C     6  12.011   0.000   1.700    6.458   14.306    6.458  0.25000  0.55380  0.25000   3  9 16  4
    3 C3     C     6  12.011   0.000   1.700    5.608   13.611    5.608  0.21710  0.52690  0.21710   3  7 14  3
    4 H1     H     1   1.008   0.000   1.200    5.040   14.073    5.040  0.19510  0.54480  0.19510   1  2  4  1
    6 O2     O     8  15.999   0.000   1.520    7.282    9.455    7.282  0.28190  0.36600  0.28190   1  2  2  1
    3 C3     C     6  12.011   0.000   1.700    7.308   12.221    7.308  0.28290  0.47310  0.28290   3  7 14  3
    4 H1     H     1   1.008   0.000   1.200    7.876   11.759    7.876  0.30490  0.45520  0.30490   1  2  4  1
    6 O2     O     8  15.999   0.000   1.520    7.282   16.377    7.282  0.28190  0.63400  0.28190   1  2  2  1
    3 C3     C     6  12.011   0.000   1.700    7.308   13.611    7.308  0.28290  0.52690  0.28290   3  7 14  3
    4 H1     H     1   1.008   0.000   1.200    7.876   14.073    7.876  0.30490  0.54480  0.30490   1  2  4  1
    6 O2     O     8  15.999   0.000   1.520   20.198    9.455   20.198  0.78190  0.36600  0.78190   1  2  2  1
    1 C1     C     6  12.011   0.000   1.700   19.374   10.041   19.374  0.75000  0.38870  0.75000   3  5  8  2
    2 C2     C     6  12.011   0.000   1.700   19.374   11.526   19.374  0.75000  0.44620  0.75000   3  9 16  4
    3 C3     C     6  12.011   0.000   1.700   20.224   12.221   20.224  0.78290  0.47310  0.78290   3  7 14  3
    4 H1     H     1   1.008   0.000   1.200   20.792   11.759   20.792  0.80490  0.45520  0.80490   1  2  4  1
    6 O2     O     8  15.999   0.000   1.520   20.198   16.377   20.198  0.78190  0.63400  0.78190   1  2  2  1
    1 C1     C     6  12.011   0.000   1.700   19.374   15.791   19.374  0.75000  0.61130  0.75000   3  5  8  2
    2 C2     C     6  12.011   0.000   1.700   19.374   14.306   19.374  0.75000  0.55380  0.75000   3  9 16  4
    3 C3     C     6  12.011   0.000   1.700   20.224   13.611   20.224  0.78290  0.52690  0.78290   3  7 14  3
    4 H1     H     1   1.008   0.000   1.200   20.792   14.073   20.792  0.80490  0.54480  0.80490   1  2  4  1
    6 O2     O     8  15.999   0.000   1.520   18.550    9.455   18.550  0.71810  0.36600  0.71810   1  2  2  1
    3 C3     C     6  12.011   0.000   1.700   18.524   12.221   18.524  0.71710  0.47310  0.71710   3  7 14  3
    4 H1     H     1   1.008   0.000   1.200   17.956   11.759   17.956  0.69510  0.45520  0.69510   1  2  4  1
    6 O2     O     8  15.999   0.000   1.520   18.550   16.377   18.550  0.71810  0.63400  0.71810   1  2  2  1
    3 C3     C     6  12.011   0.000   1.700   18.524   13.611   18.524  0.71710  0.52690  0.71710   3  7 14  3
    4 H1     H     1   1.008   0.000   1.200   17.956   14.073   17.956  0.69510  0.54480  0.69510   1  2  4  1
    6 O2     O     8  15.999   0.000   1.520   16.377    7.282   18.550  0.63400  0.28190  0.71810   1  2  2  1
    1 C1     C     6  12.011   0.000   1.700   15.791    6.458   19.374  0.61130  0.25000  0.75000   3  5  8  2
    2 C2     C     6  12.011   0.000   1.700   14.306    6.458   19.374  0.55380  0.25000  0.75000   3  9 16  4
    3 C3     C     6  12.011   0.000   1.700   13.611    7.308   18.524  0.52690  0.28290  0.71710   3  7 14  3
    4 H1     H     1   1.008   0.000   1.200   14.073    7.876   17.956  0.54480  0.30490  0.69510   1  2  4  1
    6 O2     O     8  15.999   0.000   1.520    9.455    7.282   18.550  0.36600  0.28190  0.71810   1  2  2  1
    1 C1     C     6  12.011   0.000   1.700   10.041    6.458   19.374  0.38870  0.25000  0.75000   3  5  8  2
    2 C2     C     6  12.011   0.000   1.700   11.526    6.458   19.374  0.44620  0.25000  0.75000   3  9 16  4
    3 C3     C     6  12.011   0.000   1.700   12.221    7.308   18.524  0.47310  0.28290  0.71710   3  7 14  3
    4 H1     H     1   1.008   0.000   1.200   11.759    7.876   17.956  0.45520  0.30490  0.69510   1  2  4  1
    6 O2     O     8  15.999   0.000   1.520   16.377    5.634   20.198  0.63400  0.21810  0.78190   1  2  2  1
    3 C3     C     6  12.011   0.000   1.700   13.611    5.608   20.224  0.52690  0.21710  0.78290   3  7 14  3
    4 H1     H     1   1.008   0.000   1.200   14.073    5.040   20.792  0.54480  0.19510  0.80490   1  2  4  1
    6 O2     O     8  15.999   0.000   1.520    9.455    5.634   20.198  0.36600  0.21810  0.78190   1  2  2  1
    3 C3     C     6  12.011   0.000   1.700   12.221    5.608   20.224  0.47310  0.21710  0.78290   3  7 14  3
    4 H1     H     1   1.008   0.000   1.200   11.759    5.040   20.792  0.45520  0.19510  0.80490   1  2  4  1
    6 O2     O     8  15.999   0.000   1.520   16.377   18.550    7.282  0.63400  0.71810  0.28190   1  2  2  1
    1 C1     C     6  12.011   0.000   1.700   15.791   19.374    6.458  0.61130  0.75000  0.25000   3  5  8  2
    2 C2     C     6  12.011   0.000   1.700   14.306   19.374    6.458  0.55380  0.75000  0.25000   3  9 16  4
    3 C3     C     6  12.011   0.000   1.700   13.611   18.524    7.308  0.52690  0.71710  0.28290   3  7 14  3
    4 H1     H     1   1.008   0.000   1.200   14.073   17.956    7.876  0.54480  0.69510  0.30490   1  2  4  1
    6 O2     O     8  15.999   0.000   1.520    9.455   18.550    7.282  0.36600  0.71810  0.28190   1  2  2  1
    1 C1     C     6  12.011   0.000   1.700   10.041   19.374    6.458  0.38870  0.75000  0.25000   3  5  8  2
    2 C2     C     6  12.011   0.000   1.700   11.526   19.374    6.458  0.44620  0.75000  0.25000   3  9 16  4
    3 C3     C     6  12.011   0.000   1.700   12.221   18.524    7.308  0.47310  0.71710  0.28290   3  7 14  3
    4 H1     H     1   1.008   0.000   1.200   11.759   17.956    7.876  0.45520  0.69510  0.30490   1  2  4  1
    6 O2     O     8  15.999   0.000   1.520   16.377   20.198    5.634  0.63400  0.78190  0.21810   1  2  2  1
    3 C3     C     6  12.011   0.000   1.700   13.611   20.224    5.608  0.52690  0.78290  0.21710   3  7 14  3
    4 H1     H     1   1.008   0.000   1.200   14.073   20.792    5.040  0.54480  0.80490  0.19510   1  2  4  1
    6 O2     O     8  15.999   0.000   1.520    9.455   20.198    5.634  0.36600  0.78190  0.21810   1  2  2  1
    3 C3     C     6  12.011   0.000   1.700   12.221   20.224    5.608  0.47310  0.78290  0.21710   3  7 14  3
    4 H1     H     1   1.008   0.000   1.200   11.759   20.792    5.040  0.45520  0.80490  0.19510   1  2  4  1
    6 O2     O     8  15.999   0.000   1.520    9.455   18.550   18.550  0.36600  0.71810  0.71810   1  2  2  1
    1 C1     C     6  12.011   0.000   1.700   10.041   19.374   19.374  0.38870  0.75000  0.75000   3  5  8  2
    2 C2     C     6  12.011   0.000   1.700   11.526   19.374   19.374  0.44620  0.75000  0.75000   3  9 16  4
    3 C3     C     6  12.011   0.000   1.700   12.221   18.524   18.524  0.47310  0.71710  0.71710   3  7 14  3
    4 H1     H     1   1.008   0.000   1.200   11.759   17.956   17.956  0.45520  0.69510  0.69510   1  2  4  1
    6 O2     O     8  15.999   0.000   1.520   16.377   18.550   18.550  0.63400  0.71810  0.71810   1  2  2  1
    1 C1     C     6  12.011   0.000   1.700   15.791   19.374   19.374  0.61130  0.75000  0.75000   3  5  8  2
    2 C2     C     6  12.011   0.000   1.700   14.306   19.374   19.374  0.55380  0.75000  0.75000   3  9 16  4
    3 C3     C     6  12.011   0.000   1.700   13.611   18.524   18.524  0.52690  0.71710  0.71710   3  7 14  3
    4 H1     H     1   1.008   0.000   1.200   14.073   17.956   17.956  0.54480  0.69510  0.69510   1  2  4  1
    6 O2     O     8  15.999   0.000   1.520    9.455   20.198   20.198  0.36600  0.78190  0.78190   1  2  2  1
    3 C3     C     6  12.011   0.000   1.700   12.221   20.224   20.224  0.47310  0.78290  0.78290   3  7 14  3
    4 H1     H     1   1.008   0.000   1.200   11.759   20.792   20.792  0.45520  0.80490  0.80490   1  2  4  1
    6 O2     O     8  15.999   0.000   1.520   16.377   20.198   20.198  0.63400  0.78190  0.78190   1  2  2  1
    3 C3     C     6  12.011   0.000   1.700   13.611   20.224   20.224  0.52690  0.78290  0.78290   3  7 14  3
    4 H1     H     1   1.008   0.000   1.200   14.073   20.792   20.792  0.54480  0.80490  0.80490   1  2  4  1
    6 O2     O     8  15.999   0.000   1.520    9.455    7.282    7.282  0.36600  0.28190  0.28190   1  2  2  1
    1 C1     C     6  12.011   0.000   1.700   10.041    6.458    6.458  0.38870  0.25000  0.25000   3  5  8  2
    2 C2     C     6  12.011   0.000   1.700   11.526    6.458    6.458  0.44620  0.25000  0.25000   3  9 16  4
    3 C3     C     6  12.011   0.000   1.700   12.221    7.308    7.308  0.47310  0.28290  0.28290   3  7 14  3
    4 H1     H     1   1.008   0.000   1.200   11.759    7.876    7.876  0.45520  0.30490  0.30490   1  2  4  1
    6 O2     O     8  15.999   0.000   1.520   16.377    7.282    7.282  0.63400  0.28190  0.28190   1  2  2  1
    1 C1     C     6  12.011   0.000   1.700   15.791    6.458    6.458  0.61130  0.25000  0.25000   3  5  8  2
    2 C2     C     6  12.011   0.000   1.700   14.306    6.458    6.458  0.55380  0.25000  0.25000   3  9 16  4
    3 C3     C     6  12.011   0.000   1.700   13.611    7.308    7.308  0.52690  0.28290  0.28290   3  7 14  3
    4 H1     H     1   1.008   0.000   1.200   14.073    7.876    7.876  0.54480  0.30490  0.30490   1  2  4  1
    6 O2     O     8  15.999   0.000   1.520    9.455    5.634    5.634  0.36600  0.21810  0.21810   1  2  2  1
    3 C3     C     6  12.011   0.000   1.700   12.221    5.608    5.608  0.47310  0.21710  0.21710   3  7 14  3
    4 H1     H     1   1.008   0.000   1.200   11.759    5.040    5.040  0.45520  0.19510  0.19510   1  2  4  1
    6 O2     O     8  15.999   0.000   1.520   16.377    5.634    5.634  0.63400  0.21810  0.21810   1  2  2  1
    3 C3     C     6  12.011   0.000   1.700   13.611    5.608    5.608  0.52690  0.21710  0.21710   3  7 14  3
    4 H1     H     1   1.008   0.000   1.200   14.073    5.040    5.040  0.54480  0.19510  0.19510   1  2  4  1
